<?xml version="1.0" encoding="UTF-8"?>
<testng-results skipped="0" failed="0" total="1" passed="1">
  <reporter-output>
  </reporter-output>
  <suite name="Default suite" duration-ms="16981" started-at="2021-03-04T15:22:16Z" finished-at="2021-03-04T15:22:33Z">
    <groups>
    </groups>
    <test name="Default test" duration-ms="16981" started-at="2021-03-04T15:22:16Z" finished-at="2021-03-04T15:22:33Z">
      <class name="com.abc.applications.sample.scripts.Signin">
        <test-method status="PASS" signature="generateReport()[pri:0, instance:com.abc.applications.sample.scripts.Signin@343f4d3d]" name="generateReport" is-config="true" duration-ms="264" started-at="2021-03-04T10:22:16Z" finished-at="2021-03-04T10:22:16Z">
          <reporter-output>
          </reporter-output>
        </test-method> <!-- generateReport -->
        <test-method status="PASS" signature="beforeClass()[pri:0, instance:com.abc.applications.sample.scripts.Signin@343f4d3d]" name="beforeClass" is-config="true" duration-ms="6595" started-at="2021-03-04T10:22:16Z" finished-at="2021-03-04T10:22:23Z">
          <reporter-output>
          </reporter-output>
        </test-method> <!-- beforeClass -->
        <test-method status="PASS" signature="methodName(java.lang.reflect.Method)[pri:0, instance:com.abc.applications.sample.scripts.Signin@343f4d3d]" name="methodName" is-config="true" duration-ms="4" started-at="2021-03-04T10:22:23Z" finished-at="2021-03-04T10:22:23Z">
          <params>
            <param index="0">
              <value>
                <![CDATA[public void com.abc.applications.sample.scripts.Signin.testSigin() throws java.lang.Exception]]>
              </value>
            </param>
          </params>
          <reporter-output>
          </reporter-output>
        </test-method> <!-- methodName -->
        <test-method status="PASS" signature="testSigin()[pri:0, instance:com.abc.applications.sample.scripts.Signin@343f4d3d]" name="testSigin" duration-ms="8698" started-at="2021-03-04T10:22:23Z" finished-at="2021-03-04T10:22:31Z">
          <reporter-output>
          </reporter-output>
        </test-method> <!-- testSigin -->
        <test-method status="PASS" signature="afterClass()[pri:0, instance:com.abc.applications.sample.scripts.Signin@343f4d3d]" name="afterClass" is-config="true" duration-ms="1398" started-at="2021-03-04T10:22:31Z" finished-at="2021-03-04T10:22:33Z">
          <reporter-output>
          </reporter-output>
        </test-method> <!-- afterClass -->
      </class> <!-- com.abc.applications.sample.scripts.Signin -->
    </test> <!-- Default test -->
  </suite> <!-- Default suite -->
</testng-results>
